c:\users\alexe\onedrive\documents\github\dissertation-project\real-time procedural destruction\real-time procedural destruction\x64\debug\vc143.pdb
c:\users\alexe\onedrive\documents\github\dissertation-project\real-time procedural destruction\real-time procedural destruction\x64\debug\vc143.idb
c:\users\alexe\onedrive\documents\github\dissertation-project\real-time procedural destruction\real-time procedural destruction\x64\debug\texture.obj
c:\users\alexe\onedrive\documents\github\dissertation-project\real-time procedural destruction\real-time procedural destruction\x64\debug\shader.obj
c:\users\alexe\onedrive\documents\github\dissertation-project\real-time procedural destruction\real-time procedural destruction\x64\debug\resources.obj
c:\users\alexe\onedrive\documents\github\dissertation-project\real-time procedural destruction\real-time procedural destruction\x64\debug\resource.obj
c:\users\alexe\onedrive\documents\github\dissertation-project\real-time procedural destruction\real-time procedural destruction\x64\debug\quadrenderer.obj
c:\users\alexe\onedrive\documents\github\dissertation-project\real-time procedural destruction\real-time procedural destruction\x64\debug\pointlight.obj
c:\users\alexe\onedrive\documents\github\dissertation-project\real-time procedural destruction\real-time procedural destruction\x64\debug\modelloader.obj
c:\users\alexe\onedrive\documents\github\dissertation-project\real-time procedural destruction\real-time procedural destruction\x64\debug\model.obj
c:\users\alexe\onedrive\documents\github\dissertation-project\real-time procedural destruction\real-time procedural destruction\x64\debug\input.obj
c:\users\alexe\onedrive\documents\github\dissertation-project\real-time procedural destruction\real-time procedural destruction\x64\debug\gui.obj
c:\users\alexe\onedrive\documents\github\dissertation-project\real-time procedural destruction\real-time procedural destruction\x64\debug\exception.obj
c:\users\alexe\onedrive\documents\github\dissertation-project\real-time procedural destruction\real-time procedural destruction\x64\debug\environment.obj
c:\users\alexe\onedrive\documents\github\dissertation-project\real-time procedural destruction\real-time procedural destruction\x64\debug\entity.obj
c:\users\alexe\onedrive\documents\github\dissertation-project\real-time procedural destruction\real-time procedural destruction\x64\debug\core.obj
c:\users\alexe\onedrive\documents\github\dissertation-project\real-time procedural destruction\real-time procedural destruction\x64\debug\component.obj
c:\users\alexe\onedrive\documents\github\dissertation-project\real-time procedural destruction\real-time procedural destruction\x64\debug\camera.obj
c:\users\alexe\onedrive\documents\github\dissertation-project\real-time procedural destruction\real-time procedural destruction\x64\debug\boxcollider.obj
c:\users\alexe\onedrive\documents\github\dissertation-project\real-time procedural destruction\real-time procedural destruction\x64\debug\audiosource.obj
c:\users\alexe\onedrive\documents\github\dissertation-project\real-time procedural destruction\real-time procedural destruction\x64\debug\audiolistener.obj
c:\users\alexe\onedrive\documents\github\dissertation-project\real-time procedural destruction\real-time procedural destruction\x64\debug\audio.obj
c:\users\alexe\onedrive\documents\github\dissertation-project\real-time procedural destruction\real-time procedural destruction\x64\debug\main.obj
c:\users\alexe\onedrive\documents\github\dissertation-project\real-time procedural destruction\real-time procedural destruction\x64\debug\curuthers.obj
c:\users\alexe\onedrive\documents\github\dissertation-project\real-time procedural destruction\real-time procedural destruction\x64\debug\vbo.obj
c:\users\alexe\onedrive\documents\github\dissertation-project\real-time procedural destruction\real-time procedural destruction\x64\debug\vao.obj
c:\users\alexe\onedrive\documents\github\dissertation-project\real-time procedural destruction\real-time procedural destruction\x64\debug\graphicstexture.obj
c:\users\alexe\onedrive\documents\github\dissertation-project\real-time procedural destruction\real-time procedural destruction\x64\debug\graphicsshader.obj
c:\users\alexe\onedrive\documents\github\dissertation-project\real-time procedural destruction\real-time procedural destruction\x64\debug\rendertexture.obj
c:\users\alexe\onedrive\documents\github\dissertation-project\real-time procedural destruction\real-time procedural destruction\x64\debug\graphicsmodel.obj
c:\users\alexe\onedrive\documents\github\dissertation-project\real-time procedural destruction\real-time procedural destruction\x64\debug\window.obj
c:\users\alexe\onedrive\documents\github\dissertation-project\real-time procedural destruction\real-time procedural destruction\x64\debug\transform.obj
c:\users\alexe\onedrive\documents\github\dissertation-project\real-time procedural destruction\real-time procedural destruction\x64\debug\stb_vorbis.obj
\\bournemouth.ac.uk\data\student\home\scitech\s5415659\github\dissertation-project\real-time procedural destruction\real-time procedural destruction\x64\debug\vc143.pdb
\\bournemouth.ac.uk\data\student\home\scitech\s5415659\github\dissertation-project\real-time procedural destruction\real-time procedural destruction\x64\debug\vc143.idb
\\bournemouth.ac.uk\data\student\home\scitech\s5415659\github\dissertation-project\real-time procedural destruction\real-time procedural destruction\x64\debug\texture.obj
\\bournemouth.ac.uk\data\student\home\scitech\s5415659\github\dissertation-project\real-time procedural destruction\real-time procedural destruction\x64\debug\shader.obj
\\bournemouth.ac.uk\data\student\home\scitech\s5415659\github\dissertation-project\real-time procedural destruction\real-time procedural destruction\x64\debug\transform.obj
\\bournemouth.ac.uk\data\student\home\scitech\s5415659\github\dissertation-project\real-time procedural destruction\real-time procedural destruction\x64\debug\resources.obj
\\bournemouth.ac.uk\data\student\home\scitech\s5415659\github\dissertation-project\real-time procedural destruction\real-time procedural destruction\x64\debug\resource.obj
\\bournemouth.ac.uk\data\student\home\scitech\s5415659\github\dissertation-project\real-time procedural destruction\real-time procedural destruction\x64\debug\quadrenderer.obj
\\bournemouth.ac.uk\data\student\home\scitech\s5415659\github\dissertation-project\real-time procedural destruction\real-time procedural destruction\x64\debug\pointlight.obj
\\bournemouth.ac.uk\data\student\home\scitech\s5415659\github\dissertation-project\real-time procedural destruction\real-time procedural destruction\x64\debug\modelloader.obj
\\bournemouth.ac.uk\data\student\home\scitech\s5415659\github\dissertation-project\real-time procedural destruction\real-time procedural destruction\x64\debug\model.obj
\\bournemouth.ac.uk\data\student\home\scitech\s5415659\github\dissertation-project\real-time procedural destruction\real-time procedural destruction\x64\debug\input.obj
\\bournemouth.ac.uk\data\student\home\scitech\s5415659\github\dissertation-project\real-time procedural destruction\real-time procedural destruction\x64\debug\gui.obj
\\bournemouth.ac.uk\data\student\home\scitech\s5415659\github\dissertation-project\real-time procedural destruction\real-time procedural destruction\x64\debug\exception.obj
\\bournemouth.ac.uk\data\student\home\scitech\s5415659\github\dissertation-project\real-time procedural destruction\real-time procedural destruction\x64\debug\environment.obj
\\bournemouth.ac.uk\data\student\home\scitech\s5415659\github\dissertation-project\real-time procedural destruction\real-time procedural destruction\x64\debug\entity.obj
\\bournemouth.ac.uk\data\student\home\scitech\s5415659\github\dissertation-project\real-time procedural destruction\real-time procedural destruction\x64\debug\core.obj
\\bournemouth.ac.uk\data\student\home\scitech\s5415659\github\dissertation-project\real-time procedural destruction\real-time procedural destruction\x64\debug\component.obj
\\bournemouth.ac.uk\data\student\home\scitech\s5415659\github\dissertation-project\real-time procedural destruction\real-time procedural destruction\x64\debug\camera.obj
\\bournemouth.ac.uk\data\student\home\scitech\s5415659\github\dissertation-project\real-time procedural destruction\real-time procedural destruction\x64\debug\boxcollider.obj
\\bournemouth.ac.uk\data\student\home\scitech\s5415659\github\dissertation-project\real-time procedural destruction\real-time procedural destruction\x64\debug\audiosource.obj
c:\users\alexe\onedrive\documents\github\dissertation-project\real-time procedural destruction\x64\debug\real-time procedural destruction.exe
c:\users\alexe\onedrive\documents\github\dissertation-project\real-time procedural destruction\real-time procedural destruction\x64\debug\real-time procedural destruction.ilk
c:\users\alexe\onedrive\documents\github\dissertation-project\real-time procedural destruction\x64\debug\real-time procedural destruction.pdb
\\bournemouth.ac.uk\data\student\home\scitech\s5415659\github\dissertation-project\real-time procedural destruction\real-time procedural destruction\x64\debug\real-time procedural destruction.ilk
\\bournemouth.ac.uk\data\student\home\scitech\s5415659\github\dissertation-project\real-time procedural destruction\x64\debug\real-time procedural destruction.pdb
\\bournemouth.ac.uk\data\student\home\scitech\s5415659\github\dissertation-project\real-time procedural destruction\real-time procedural destruction\x64\debug\real-tim.19eb6084.tlog\cl.command.1.tlog
\\bournemouth.ac.uk\data\student\home\scitech\s5415659\github\dissertation-project\real-time procedural destruction\real-time procedural destruction\x64\debug\real-tim.19eb6084.tlog\cl.read.1.tlog
\\bournemouth.ac.uk\data\student\home\scitech\s5415659\github\dissertation-project\real-time procedural destruction\real-time procedural destruction\x64\debug\real-tim.19eb6084.tlog\cl.write.1.tlog
\\bournemouth.ac.uk\data\student\home\scitech\s5415659\github\dissertation-project\real-time procedural destruction\real-time procedural destruction\x64\debug\real-tim.19eb6084.tlog\link.command.1.tlog
\\bournemouth.ac.uk\data\student\home\scitech\s5415659\github\dissertation-project\real-time procedural destruction\real-time procedural destruction\x64\debug\real-tim.19eb6084.tlog\link.read.1.tlog
\\bournemouth.ac.uk\data\student\home\scitech\s5415659\github\dissertation-project\real-time procedural destruction\real-time procedural destruction\x64\debug\real-tim.19eb6084.tlog\link.write.1.tlog
